C51 COMPILER V9.56.0.0   CAN2                                                              04/28/2017 09:46:33 PAGE 1   


C51 COMPILER V9.56.0.0, COMPILATION OF MODULE CAN2
OBJECT MODULE PLACED IN .\Objects\CAN2.obj
COMPILER INVOKED BY: C:\Keil_C51\C51\BIN\C51.EXE CAN2.c OPTIMIZE(8,SPEED) BROWSE INCDIR(..\KEIL) DEBUG OBJECTEXTEND PRIN
                    -T(.\Listings\CAN2.lst) TABS(2) OBJECT(.\Objects\CAN2.obj)

line level    source

   1          #include <zk.h> 
   2          
   3          //-----------------------------------------------------------------------------
   4          // C8051F040的SFR定义
   5          //-----------------------------------------------------------------------------
   6          
   7          //定义SJA1000T寄存器地址
   8          xdata unsigned char CAN_MODE _at_ 0xFE00 ;
   9          xdata unsigned char CAN_CMR _at_ 0xFE01 ;
  10          xdata unsigned char CAN_SR _at_ 0xFE02 ;
  11          xdata unsigned char CAN_IR _at_ 0xFE03 ;
  12          xdata unsigned char CAN_IREN _at_ 0xFE04;
  13          xdata unsigned char CAN_AMR _at_ 0xFE05 ;
  14          xdata unsigned char CAN_BTR0 _at_ 0xFE06 ;
  15          xdata unsigned char CAN_BTR1 _at_ 0xFE07 ;
  16          xdata unsigned char CAN_OCR _at_ 0xFE08 ;
  17          xdata unsigned char CAN_CDR _at_ 0xFE1F;
  18          
  19          
  20          xdata unsigned char FIFO16 _at_ 0xFE10 ;        //FIFO窗口 ， 采用标准帧
  21          xdata unsigned char FIFO17 _at_ 0xFE11 ;     
  22          xdata unsigned char FIFO18 _at_ 0xFE12 ;
  23          xdata unsigned char FIFO19 _at_ 0xFE13 ;
  24          xdata unsigned char FIFO20 _at_ 0xFE14 ;
  25          xdata unsigned char FIFO21 _at_ 0xFE15 ;
  26          xdata unsigned char FIFO22 _at_ 0xFE16 ;
  27          xdata unsigned char FIFO23 _at_ 0xFE17 ;
  28          xdata unsigned char FIFO24 _at_ 0xFE18 ;
  29          xdata unsigned char FIFO25 _at_ 0xFE19 ;
  30          xdata unsigned char FIFO26 _at_ 0xFE1A ;
  31          
  32          xdata unsigned char RBSA _at_ 0xFE1E ;
  33          xdata unsigned char ERRLIMIT _at_ 0xFE0D;
  34          xdata unsigned char RXERR _at_ 0xFE0E;
  35          xdata unsigned char TXERR _at_ 0xFE0F ;
  36          xdata unsigned char ALC _at_ 0xFE0B;
  37          xdata unsigned char ECC _at_ 0xFE0C;
  38          
  39          
  40          //-----------------------------------------------------------------------------
  41          // 全局变量
  42          //-----------------------------------------------------------------------------
  43          xdata CAN2RECBUF1    CAN2RXbuffer1;
  44          xdata CAN2RECBUF1    CAN2RXbuffer2;
  45          xdata CAN2RECBUF1    CAN2RXbuffer3;
  46          xdata CAN2TRANSBUF1   CAN2TXbuffer1;
  47          xdata CAN2TRANSBUF2   CAN2TXbuffer2;
  48          bit Can2NewData1=NO;
  49          bit Can2NewData2=NO;
  50          bit Can2NewData3=NO;
  51          unsigned char CAN2FaultCounter=0;
  52          
  53          
  54          void init_can2 (void)
C51 COMPILER V9.56.0.0   CAN2                                                              04/28/2017 09:46:33 PAGE 2   

  55          { 
  56   1        SFRPAGE  = CONFIG_PAGE;        //Port SFR's on Configuration page
  57   1        XBR1  |= 0x04;                 //配置INT0管脚
  58   1        SFRPAGE  = LEGACY_PAGE; 
  59   1        EA=0;
  60   1        EX0 = 1; //使能INT0
  61   1        PX0 = 0;//低优先级
  62   1        IT0=0; //低电平触发中断3
  63   1        
  64   1        CAN_MODE=0x01;    //0X09; 复位模式
  65   1        CAN_CDR=0X88 ;    //选择PeliCAN 模式   ，时钟输出禁止(0x80 时钟输出)
  66   1        CAN_IREN=0x0D;    //数据溢出中断、接收中断、错误报警中断使能
  67   1       
  68   1        //配置验收滤波，用于过虑无关ID，只对通过滤波的ID产生接收中断
  69   1        //定义AMR
  70   1        FIFO20=0xFF;     //验收屏蔽寄存器（高8位）地址参与验收滤波 , 如果为1则对ACR为无关,
  71   1        FIFO21=0xFF;     //验收屏蔽寄存器（次高8位）RTR参与验收滤波,其余位无关
  72   1        FIFO22=0xFF;     //验收屏蔽寄存器（次低8位）若为"1"表无关
  73   1        FIFO23=0xFF;     //验收屏蔽寄存器（低8位）  若为"1"表无关
  74   1        //定义ACR
  75   1        FIFO16=0x00;     //验收码寄存器（高8位）
  76   1        FIFO17=0x00;     //验收码寄存器（次高8位）
  77   1        FIFO18=0x00;     //验收码寄存器（次低8位）
  78   1        FIFO19=0x00;     //验收码寄存器（低8位）
  79   1      
  80   1        //接收地址：0000,000*,***   //当FIFO20=0x01; FIFO16=0x01或0x00 时
  81   1        //接收地址：****,****,***   //当FIFO20=0xFF; FIFO16=**时 
  82   1        //接收地址：0000,0001,***   //当FIFO20=0x00; FIFO16=0x01时 
  83   1      
  84   1      
  85   1       // TSEG1 = (Prop_Seg + Phase_Seg1 - 1) = 6 , 7
  86   1       //  TSEG2 = (Phase_Seg2 - 1)           = 2
  87   1       // SJW_p = (SJW - 1)                   = 1
  88   1        //CAN_BTR0=0x40;    //  波特率=502693Hz
  89   1       // CAN_BTR0=0x41;    //  波特率=502693Hz/2
  90   1      //  CAN_BTR0=0x43;    //  波特率=502693Hz/4
  91   1       // CAN_BTR0=0x44;    //  波特率=502693Hz/5
  92   1      
  93   1      //  CAN_BTR0=0x40;    //  波特率=500000Hz
  94   1       // CAN_BTR0=0x41;    //  波特率=500000Hz/2
  95   1          CAN_BTR0=0x43;    //  波特率=500000Hz/4
  96   1       // CAN_BTR0=0x44;    //  波特率=500000Hz/5
  97   1      
  98   1      
  99   1        CAN_BTR1 = 0xA7;  //通讯低速率时用0xA7,通讯高速率时用0x27
 100   1                           //0x26(11.0592MHz),  0x27(12MHz)  
 101   1        CAN_OCR = 0xda;
 102   1        RBSA = 0;
 103   1        ECC = 0 ;
 104   1        CAN_MODE=0x08;  //设置单滤波接收方式，返回工作状态
 105   1        EA=1;
 106   1      }
 107          
 108          void can2_transmit(unsigned int id,unsigned char *buf)
 109          { 
 110   1         UINTUNION  temp;
 111   1         unsigned char r;
 112   1         T0Counter2=0;
 113   1         
 114   1         do{
 115   2             r = CAN_SR ;
 116   2             if(T0Counter2>=2)
C51 COMPILER V9.56.0.0   CAN2                                                              04/28/2017 09:46:33 PAGE 3   

 117   2           {    
 118   3               CAN2FaultCounter++; 
 119   3               return; //延时20ms  超时退出
 120   3             }
 121   2         }while(((r&0x10)==0x10)||((r&0x04)==0x00));//||((r&0x08)==0x00));
 122   1        // 不要加入发送完毕状态判断，否则出现故障时，不能自恢复
 123   1         EA=0;
 124   1         FIFO16=0x08;  //帧信息： 标准帧，8位数据
 125   1      
 126   1         temp.value=id<<5;
 127   1      
 128   1         FIFO17 = temp.buf[0];   //ID1
 129   1         FIFO18 = (temp.buf[1]&0xE0)|0x08 ;  //ID2  
 130   1      
 131   1         FIFO19=buf[0];
 132   1         FIFO20=buf[1];
 133   1         FIFO21=buf[2];
 134   1         FIFO22=buf[3];
 135   1         FIFO23=buf[4];
 136   1         FIFO24=buf[5];
 137   1         FIFO25=buf[6];
 138   1         FIFO26=buf[7];
 139   1         CAN_CMR=0x01;
 140   1         EA=1;  
 141   1         CAN2FaultCounter=0;
 142   1      }
 143          
 144          void can2_receive (unsigned char *buf)
 145          {
 146   1          buf[0]=FIFO19;
 147   1            buf[1]=FIFO20;
 148   1            buf[2]=FIFO21;
 149   1            buf[3]=FIFO22;
 150   1            buf[4]=FIFO23;
 151   1            buf[5]=FIFO24;
 152   1            buf[6]=FIFO25;
 153   1            buf[7]=FIFO26;  
 154   1      }
 155          
 156          //CAN2控制器SJA1000T产生的外部中断INT0 ，高优先级 
 157          void INT0_ISR (void) interrupt 0  
 158          {   
 159   1         unsigned char temp;
 160   1         unsigned char ir_state;
 161   1         UINTUNION   address;
 162   1         ir_state=CAN_IR;
 163   1      
 164   1         if( (ir_state&0x01)==0x01 )   //接收中断
 165   1         {
 166   2            address.buf[0] = FIFO17 ;
 167   2            address.buf[1] = FIFO18 ;
 168   2            address.value=( (address.value)>>5)&0x07FF;
 169   2            if( ((address.value&0xf0)==0x30)&&((FIFO16&0x40)!=0x40))   //接收1号机柜电磁铁驱动板的数据
 170   2          { 
 171   3                can2_receive (CAN2RXbuffer1.buf); 
 172   3                Can2NewData1=YES;
 173   3            }
 174   2      
 175   2            if( ((address.value&0xf0)==0x50)&&((FIFO16&0x40)!=0x40))   //接收2号机柜电磁铁驱动板的数据
 176   2          { 
 177   3                can2_receive (CAN2RXbuffer2.buf); 
 178   3                Can2NewData2=YES;
C51 COMPILER V9.56.0.0   CAN2                                                              04/28/2017 09:46:33 PAGE 4   

 179   3            }
 180   2      
 181   2            if( ((address.value&0xf0)==0x70)&&((FIFO16&0x40)!=0x40))   //接收3号机柜电磁铁驱动板的数据
 182   2          { 
 183   3                can2_receive (CAN2RXbuffer3.buf); 
 184   3                Can2NewData3=YES;
 185   3            }
 186   2            LedBlink(5, 1,1 );          //数据指示灯
 187   2            LedBlink(6, 0,0 );          //故障指示灭   
 188   2           
 189   2            CAN_CMR=0x04;              //释放接收缓冲器
 190   2            CAN2FaultCounter=0;
 191   2        }
 192   1          
 193   1        if((ir_state&0x08)!=0x0) //数据溢出中断
 194   1        {
 195   2             CAN_CMR=0x0C;  //清除数据溢出；释放接收缓冲器      
 196   2        }
 197   1        if((ir_state&0x04)!=0x0)   //错误报警中断
 198   1          {
 199   2             if((CAN_SR&0x80)!=0x0)
 200   2           {
 201   3              CAN_MODE=0x08 ;   
 202   3           }   
 203   2           LedBlink(6, 1,0 );      //故障指示
 204   2          }
 205   1        temp=ALC;   //释放仲裁丢失捕捉寄存器
 206   1        temp=ECC;   //释放错误代码捕捉寄存器
 207   1          IE0=0;      //INT0中断复位
 208   1      }
 209          


MODULE INFORMATION:   STATIC OVERLAYABLE
   CODE SIZE        =    561    ----
   CONSTANT SIZE    =   ----    ----
   XDATA SIZE       =     40    ----
   PDATA SIZE       =   ----    ----
   DATA SIZE        =      1       5
   IDATA SIZE       =   ----    ----
   BIT SIZE         =      3    ----
END OF MODULE INFORMATION.


C51 COMPILATION COMPLETE.  0 WARNING(S),  0 ERROR(S)
